#
# There is insufficient memory for the Java Runtime Environment to continue.
# Native memory allocation (malloc) failed to allocate 1049120 bytes for Chunk::new
# Possible reasons:
#   The system is out of physical RAM or swap space
#   In 32 bit mode, the process size limit was hit
# Possible solutions:
#   Reduce memory load on the system
#   Increase physical memory or swap space
#   Check if swap backing store is full
#   Use 64 bit Java on a 64 bit OS
#   Decrease Java heap size (-Xmx/-Xms)
#   Decrease number of Java threads
#   Decrease Java thread stack sizes (-Xss)
#   Set larger code cache with -XX:ReservedCodeCacheSize=
# This output file may be truncated or incomplete.
#
#  Out of Memory Error (allocation.cpp:390), pid=7016, tid=13420
#
# JRE version: Java(TM) SE Runtime Environment (8.0_73-b02) (build 1.8.0_73-b02)
# Java VM: Java HotSpot(TM) 64-Bit Server VM (25.73-b02 mixed mode windows-amd64 compressed oops)
# Failed to write core dump. Minidumps are not enabled by default on client versions of Windows
#

---------------  T H R E A D  ---------------

Current thread (0x00000000161a5800):  JavaThread "C2 CompilerThread1" daemon [_thread_in_native, id=13420, stack(0x0000000017900000,0x0000000017a00000)]

Stack: [0x0000000017900000,0x0000000017a00000]
[error occurred during error reporting (printing stack bounds), id 0xc0000005]

Native frames: (J=compiled Java code, j=interpreted, Vv=VM code, C=native code)


Current CompileTask:
C2:3058315 24070       4       com.android.tools.r8.dex.m::a (576 bytes)


---------------  P R O C E S S  ---------------

Java Threads: ( => current thread )
  0x0000000021265000 JavaThread "WorkerExecutor Queue Thread 5" [_thread_in_Java, id=1144, stack(0x0000000000a40000,0x0000000000b40000)]
  0x000000002a8d1000 JavaThread "Cache worker for Java compile cache (D:\My-Kotlin-Projects\RunningTracker\.gradle\5.6.4\javaCompile)" [_thread_blocked, id=14140, stack(0x000000002dfe0000,0x000000002e0e0000)]
  0x000000002a8d0000 JavaThread "Cache worker for Java compile cache (C:\Users\Numan\.gradle\caches\5.6.4\javaCompile)" [_thread_blocked, id=1916, stack(0x00000000264c0000,0x00000000265c0000)]
  0x000000002a8d4800 JavaThread "WorkerExecutor Queue Thread 4" [_thread_in_Java, id=11152, stack(0x000000001b720000,0x000000001b820000)]
  0x000000002a8cc800 JavaThread "WorkerExecutor Queue Thread 3" [_thread_in_vm, id=9828, stack(0x000000002cee0000,0x000000002cfe0000)]
  0x000000002a8cf800 JavaThread "RMI Reaper" [_thread_blocked, id=6212, stack(0x000000002cae0000,0x000000002cbe0000)]
  0x000000002a8cb800 JavaThread "RMI TCP Accept-0" daemon [_thread_in_native, id=7228, stack(0x000000002c9e0000,0x000000002cae0000)]
  0x000000002a8cb000 JavaThread "GC Daemon" daemon [_thread_blocked, id=7832, stack(0x000000002c8e0000,0x000000002c9e0000)]
  0x000000001fc52800 JavaThread "RMI Scheduler(0)" daemon [_thread_blocked, id=10532, stack(0x00000000260f0000,0x00000000261f0000)]
  0x000000001f599000 JavaThread "stdout" [_thread_in_native, id=10616, stack(0x0000000026700000,0x0000000026800000)]
  0x000000001f598000 JavaThread "stderr" [_thread_in_native, id=6404, stack(0x0000000026600000,0x0000000026700000)]
  0x000000001f597800 JavaThread "pool-4-thread-1" [_thread_blocked, id=8744, stack(0x00000000263c0000,0x00000000264c0000)]
  0x000000001f596800 JavaThread "WorkerExecutor Queue Thread 2" [_thread_in_Java, id=14296, stack(0x0000000025ff0000,0x00000000260f0000)]
  0x000000001f599800 JavaThread "WorkerExecutor Queue" [_thread_blocked, id=2808, stack(0x0000000024290000,0x0000000024390000)]
  0x000000001f59a800 JavaThread "Cache worker for execution history cache (D:\My-Kotlin-Projects\RunningTracker\.gradle\5.6.4\executionHistory)" [_thread_blocked, id=5068, stack(0x00000000262c0000,0x00000000263c0000)]
  0x000000001f590000 JavaThread "Execution worker for ':' Thread 3" [_thread_blocked, id=12344, stack(0x0000000023d70000,0x0000000023e70000)]
  0x000000001f58d800 JavaThread "Execution worker for ':' Thread 2" [_thread_blocked, id=1756, stack(0x0000000022da0000,0x0000000022ea0000)]
  0x000000001f594800 JavaThread "Execution worker for ':'" [_thread_blocked, id=12192, stack(0x00000000227f0000,0x00000000228f0000)]
  0x000000001f58d000 JavaThread "Cache worker for file content cache (D:\My-Kotlin-Projects\RunningTracker\.gradle\5.6.4\fileContent)" [_thread_blocked, id=8044, stack(0x00000000226f0000,0x00000000227f0000)]
  0x000000001f593800 JavaThread "Cache worker for file content cache (C:\Users\Numan\.gradle\caches\5.6.4\fileContent)" [_thread_blocked, id=2276, stack(0x00000000220f0000,0x00000000221f0000)]
  0x000000001f593000 JavaThread "Cache worker for Build Output Cleanup Cache (D:\My-Kotlin-Projects\RunningTracker\.gradle\buildOutputCleanup)" [_thread_blocked, id=8480, stack(0x0000000021bf0000,0x0000000021cf0000)]
  0x000000001f591800 JavaThread "pool-3-thread-1" [_thread_blocked, id=7344, stack(0x0000000021840000,0x0000000021940000)]
  0x000000001f58b800 JavaThread "Build operations Thread 4" [_thread_blocked, id=9956, stack(0x0000000020280000,0x0000000020380000)]
  0x000000001f590800 JavaThread "Build operations Thread 3" [_thread_blocked, id=7604, stack(0x000000001efb0000,0x000000001f0b0000)]
  0x000000001f58f000 JavaThread "Build operations Thread 2" [_thread_blocked, id=9264, stack(0x000000001edb0000,0x000000001eeb0000)]
  0x000000001fc55000 JavaThread "Build operations" [_thread_blocked, id=13264, stack(0x000000001ecb0000,0x000000001edb0000)]
  0x000000001fc53800 JavaThread "Cache worker for cache directory md-rule (C:\Users\Numan\.gradle\caches\5.6.4\md-rule)" [_thread_blocked, id=4104, stack(0x000000001e710000,0x000000001e810000)]
  0x000000001fc52000 JavaThread "Cache worker for cache directory md-supplier (C:\Users\Numan\.gradle\caches\5.6.4\md-supplier)" [_thread_blocked, id=4088, stack(0x000000001ba20000,0x000000001bb20000)]
  0x0000000018734800 JavaThread "Cache worker for file hash cache (D:\My-Kotlin-Projects\RunningTracker\.gradle\5.6.4\fileHashes)" [_thread_blocked, id=12348, stack(0x000000001b920000,0x000000001ba20000)]
  0x0000000018733000 JavaThread "Thread-28" [_thread_blocked, id=7032, stack(0x000000001b820000,0x000000001b920000)]
  0x000000001cf56000 JavaThread "Asynchronous log dispatcher for DefaultDaemonConnection: socket connection from /127.0.0.1:51134 to /127.0.0.1:51481" [_thread_blocked, id=9224, stack(0x000000001b620000,0x000000001b720000)]
  0x000000001cf5b000 JavaThread "Daemon worker Thread 2" [_thread_blocked, id=6964, stack(0x000000001a350000,0x000000001a450000)]
  0x000000001cf59000 JavaThread "Cancel handler" [_thread_blocked, id=12524, stack(0x000000001a250000,0x000000001a350000)]
  0x000000001cf58000 JavaThread "Handler for socket connection from /127.0.0.1:51134 to /127.0.0.1:51481" [_thread_in_native, id=2828, stack(0x0000000000c40000,0x0000000000d40000)]
  0x000000001cf5a800 JavaThread "Daemon Thread 2" [_thread_blocked, id=9280, stack(0x0000000000b40000,0x0000000000c40000)]
  0x000000001fc51000 JavaThread "Memory manager" [_thread_blocked, id=12224, stack(0x00000000225f0000,0x00000000226f0000)]
  0x000000001cf56800 JavaThread "Cache worker for execution history cache (C:\Users\Numan\.gradle\caches\5.6.4\executionHistory)" [_thread_blocked, id=7060, stack(0x000000001eeb0000,0x000000001efb0000)]
  0x0000000018734000 JavaThread "Cache worker for journal cache (C:\Users\Numan\.gradle\caches\journal-1)" [_thread_blocked, id=3152, stack(0x000000001bf20000,0x000000001c020000)]
  0x000000001872e800 JavaThread "File lock request listener" [_thread_in_native, id=13768, stack(0x000000001be20000,0x000000001bf20000)]
  0x000000001872e000 JavaThread "Cache worker for file hash cache (C:\Users\Numan\.gradle\caches\5.6.4\fileHashes)" [_thread_blocked, id=1972, stack(0x000000001bb20000,0x000000001bc20000)]
  0x00000000197e1800 JavaThread "Daemon periodic checks" [_thread_in_native, id=7188, stack(0x000000001a150000,0x000000001a250000)]
  0x00000000197df800 JavaThread "Incoming local TCP Connector on port 51134" [_thread_in_native, id=9120, stack(0x0000000019f10000,0x000000001a010000)]
  0x000000001970b000 JavaThread "Daemon health stats" [_thread_blocked, id=9776, stack(0x00000000198d0000,0x00000000199d0000)]
  0x0000000017b38800 JavaThread "Service Thread" daemon [_thread_blocked, id=9820, stack(0x0000000017f00000,0x0000000018000000)]
  0x00000000161a9000 JavaThread "C1 CompilerThread2" daemon [_thread_blocked, id=6284, stack(0x0000000017a00000,0x0000000017b00000)]
=>0x00000000161a5800 JavaThread "C2 CompilerThread1" daemon [_thread_in_native, id=13420, stack(0x0000000017900000,0x0000000017a00000)]
  0x000000001619f000 JavaThread "C2 CompilerThread0" daemon [_thread_in_native, id=11124, stack(0x0000000017800000,0x0000000017900000)]
  0x000000001619b000 JavaThread "Attach Listener" daemon [_thread_blocked, id=11592, stack(0x0000000017700000,0x0000000017800000)]
  0x000000001619a000 JavaThread "Signal Dispatcher" daemon [_thread_blocked, id=9548, stack(0x0000000017600000,0x0000000017700000)]
  0x0000000002826800 JavaThread "Finalizer" daemon [_thread_blocked, id=14248, stack(0x0000000017400000,0x0000000017500000)]
  0x000000000281e000 JavaThread "Reference Handler" daemon [_thread_blocked, id=8380, stack(0x0000000017300000,0x0000000017400000)]
  0x000000000257e000 JavaThread "main" [_thread_blocked, id=12028, stack(0x00000000025f0000,0x00000000026f0000)]

Other Threads:
  0x0000000016167000 VMThread [stack: 0x0000000017200000,0x0000000017300000] [id=9612]
  0x0000000017b54000 WatcherThread [stack: 0x0000000018000000,0x0000000018100000] [id=10948]

VM state:not at safepoint (normal execution)

VM Mutex/Monitor currently owned by a thread: None

Heap:
 PSYoungGen      total 443904K, used 72835K [0x00000000e0000000, 0x00000000ff900000, 0x0000000100000000)
  eden space 376832K, 16% used [0x00000000e0000000,0x00000000e3e0a738,0x00000000f7000000)
  from space 67072K, 13% used [0x00000000fb780000,0x00000000fc0964d8,0x00000000ff900000)
  to   space 70144K, 0% used [0x00000000f7000000,0x00000000f7000000,0x00000000fb480000)
 ParOldGen       total 215040K, used 190931K [0x00000000a0000000, 0x00000000ad200000, 0x00000000e0000000)
  object space 215040K, 88% used [0x00000000a0000000,0x00000000aba74d58,0x00000000ad200000)
 Metaspace       used 120491K, capacity 126022K, committed 126336K, reserved 1159168K
  class space    used 15799K, capacity 16874K, committed 17024K, reserved 1048576K

Card table byte_map: [0x0000000011bf0000,0x0000000011f00000] byte_map_base: 0x00000000116f0000

Marking Bits: (ParMarkBitMap*) 0x0000000054320600
 Begin Bits: [0x0000000012500000, 0x0000000013d00000)
 End Bits:   [0x0000000013d00000, 0x0000000015500000)

Polling page: 0x0000000002540000

CodeCache: size=245760Kb used=67106Kb max_used=67551Kb free=178654Kb
 bounds [0x0000000002830000, 0x0000000006b00000, 0x0000000011830000]
 total_blobs=19453 nmethods=18515 adapters=847
 compilation: enabled

Compilation events (10 events):
Event: 3057.786 Thread 0x00000000161a9000 24068       1       com.android.tools.r8.code.r::j (4 bytes)
Event: 3057.787 Thread 0x00000000161a9000 nmethod 24068 0x0000000005f01c50 code [0x0000000005f01da0, 0x0000000005f01eb0]
Event: 3057.791 Thread 0x00000000161a9000 24069       3       com.android.tools.r8.code.E1::g (8 bytes)
Event: 3057.791 Thread 0x00000000161a9000 nmethod 24069 0x0000000005d18850 code [0x0000000005d189c0, 0x0000000005d18c10]
Event: 3057.795 Thread 0x00000000161a9000 24072       2       com.android.tools.r8.code.B2::a (17 bytes)
Event: 3057.796 Thread 0x00000000161a9000 nmethod 24072 0x0000000005db8bd0 code [0x0000000005db8d40, 0x0000000005db8ee8]
Event: 3057.797 Thread 0x00000000161a9000 24073       2       com.android.tools.r8.code.E::a (17 bytes)
Event: 3057.798 Thread 0x00000000161a9000 nmethod 24073 0x0000000005e9a790 code [0x0000000005e9a900, 0x0000000005e9aaa8]
Event: 3057.939 Thread 0x00000000161a5800 nmethod 24061 0x000000000659a850 code [0x000000000659abc0, 0x000000000659ea08]
Event: 3057.939 Thread 0x00000000161a5800 24070       4       com.android.tools.r8.dex.m::a (576 bytes)

GC Heap History (10 events):
Event: 3023.112 GC heap before
{Heap before GC invocations=32 (full 4):
 PSYoungGen      total 433664K, used 359051K [0x00000000e0000000, 0x00000000ffd00000, 0x0000000100000000)
  eden space 350208K, 100% used [0x00000000e0000000,0x00000000f5600000,0x00000000f5600000)
  from space 83456K, 10% used [0x00000000f5600000,0x00000000f5ea2cc0,0x00000000fa780000)
  to   space 81920K, 0% used [0x00000000fad00000,0x00000000fad00000,0x00000000ffd00000)
 ParOldGen       total 215040K, used 152899K [0x00000000a0000000, 0x00000000ad200000, 0x00000000e0000000)
  object space 215040K, 71% used [0x00000000a0000000,0x00000000a9550ff0,0x00000000ad200000)
 Metaspace       used 120403K, capacity 125950K, committed 126336K, reserved 1159168K
  class space    used 15797K, capacity 16874K, committed 17024K, reserved 1048576K
Event: 3023.349 GC heap after
Heap after GC invocations=32 (full 4):
 PSYoungGen      total 433152K, used 24857K [0x00000000e0000000, 0x00000000ff580000, 0x0000000100000000)
  eden space 358912K, 0% used [0x00000000e0000000,0x00000000e0000000,0x00000000f5e80000)
  from space 74240K, 33% used [0x00000000fad00000,0x00000000fc546608,0x00000000ff580000)
  to   space 77312K, 0% used [0x00000000f5e80000,0x00000000f5e80000,0x00000000faa00000)
 ParOldGen       total 215040K, used 160120K [0x00000000a0000000, 0x00000000ad200000, 0x00000000e0000000)
  object space 215040K, 74% used [0x00000000a0000000,0x00000000a9c5e170,0x00000000ad200000)
 Metaspace       used 120403K, capacity 125950K, committed 126336K, reserved 1159168K
  class space    used 15797K, capacity 16874K, committed 17024K, reserved 1048576K
}
Event: 3029.274 GC heap before
{Heap before GC invocations=33 (full 4):
 PSYoungGen      total 433152K, used 383769K [0x00000000e0000000, 0x00000000ff580000, 0x0000000100000000)
  eden space 358912K, 100% used [0x00000000e0000000,0x00000000f5e80000,0x00000000f5e80000)
  from space 74240K, 33% used [0x00000000fad00000,0x00000000fc546608,0x00000000ff580000)
  to   space 77312K, 0% used [0x00000000f5e80000,0x00000000f5e80000,0x00000000faa00000)
 ParOldGen       total 215040K, used 160120K [0x00000000a0000000, 0x00000000ad200000, 0x00000000e0000000)
  object space 215040K, 74% used [0x00000000a0000000,0x00000000a9c5e170,0x00000000ad200000)
 Metaspace       used 120421K, capacity 125958K, committed 126336K, reserved 1159168K
  class space    used 15798K, capacity 16874K, committed 17024K, reserved 1048576K
Event: 3029.336 GC heap after
Heap after GC invocations=33 (full 4):
 PSYoungGen      total 436224K, used 5353K [0x00000000e0000000, 0x0000000100000000, 0x0000000100000000)
  eden space 358912K, 0% used [0x00000000e0000000,0x00000000e0000000,0x00000000f5e80000)
  from space 77312K, 6% used [0x00000000f5e80000,0x00000000f63ba728,0x00000000faa00000)
  to   space 76800K, 0% used [0x00000000fb500000,0x00000000fb500000,0x0000000100000000)
 ParOldGen       total 215040K, used 181639K [0x00000000a0000000, 0x00000000ad200000, 0x00000000e0000000)
  object space 215040K, 84% used [0x00000000a0000000,0x00000000ab161e58,0x00000000ad200000)
 Metaspace       used 120421K, capacity 125958K, committed 126336K, reserved 1159168K
  class space    used 15798K, capacity 16874K, committed 17024K, reserved 1048576K
}
Event: 3032.207 GC heap before
{Heap before GC invocations=34 (full 4):
 PSYoungGen      total 436224K, used 364265K [0x00000000e0000000, 0x0000000100000000, 0x0000000100000000)
  eden space 358912K, 100% used [0x00000000e0000000,0x00000000f5e80000,0x00000000f5e80000)
  from space 77312K, 6% used [0x00000000f5e80000,0x00000000f63ba728,0x00000000faa00000)
  to   space 76800K, 0% used [0x00000000fb500000,0x00000000fb500000,0x0000000100000000)
 ParOldGen       total 215040K, used 181639K [0x00000000a0000000, 0x00000000ad200000, 0x00000000e0000000)
  object space 215040K, 84% used [0x00000000a0000000,0x00000000ab161e58,0x00000000ad200000)
 Metaspace       used 120452K, capacity 126022K, committed 126336K, reserved 1159168K
  class space    used 15798K, capacity 16874K, committed 17024K, reserved 1048576K
Event: 3032.437 GC heap after
Heap after GC invocations=34 (full 4):
 PSYoungGen      total 442368K, used 9548K [0x00000000e0000000, 0x00000000ffb80000, 0x0000000100000000)
  eden space 370176K, 0% used [0x00000000e0000000,0x00000000e0000000,0x00000000f6980000)
  from space 72192K, 13% used [0x00000000fb500000,0x00000000fbe53310,0x00000000ffb80000)
  to   space 74752K, 0% used [0x00000000f6980000,0x00000000f6980000,0x00000000fb280000)
 ParOldGen       total 215040K, used 181639K [0x00000000a0000000, 0x00000000ad200000, 0x00000000e0000000)
  object space 215040K, 84% used [0x00000000a0000000,0x00000000ab161e58,0x00000000ad200000)
 Metaspace       used 120452K, capacity 126022K, committed 126336K, reserved 1159168K
  class space    used 15798K, capacity 16874K, committed 17024K, reserved 1048576K
}
Event: 3042.401 GC heap before
{Heap before GC invocations=35 (full 4):
 PSYoungGen      total 442368K, used 379724K [0x00000000e0000000, 0x00000000ffb80000, 0x0000000100000000)
  eden space 370176K, 100% used [0x00000000e0000000,0x00000000f6980000,0x00000000f6980000)
  from space 72192K, 13% used [0x00000000fb500000,0x00000000fbe53310,0x00000000ffb80000)
  to   space 74752K, 0% used [0x00000000f6980000,0x00000000f6980000,0x00000000fb280000)
 ParOldGen       total 215040K, used 181639K [0x00000000a0000000, 0x00000000ad200000, 0x00000000e0000000)
  object space 215040K, 84% used [0x00000000a0000000,0x00000000ab161e58,0x00000000ad200000)
 Metaspace       used 120463K, capacity 126022K, committed 126336K, reserved 1159168K
  class space    used 15799K, capacity 16874K, committed 17024K, reserved 1048576K
Event: 3042.544 GC heap after
Heap after GC invocations=35 (full 4):
 PSYoungGen      total 444928K, used 7127K [0x00000000e0000000, 0x00000000ffe80000, 0x0000000100000000)
  eden space 370176K, 0% used [0x00000000e0000000,0x00000000e0000000,0x00000000f6980000)
  from space 74752K, 9% used [0x00000000f6980000,0x00000000f7075d70,0x00000000fb280000)
  to   space 72704K, 0% used [0x00000000fb780000,0x00000000fb780000,0x00000000ffe80000)
 ParOldGen       total 215040K, used 188622K [0x00000000a0000000, 0x00000000ad200000, 0x00000000e0000000)
  object space 215040K, 87% used [0x00000000a0000000,0x00000000ab833b80,0x00000000ad200000)
 Metaspace       used 120463K, capacity 126022K, committed 126336K, reserved 1159168K
  class space    used 15799K, capacity 16874K, committed 17024K, reserved 1048576K
}
Event: 3055.506 GC heap before
{Heap before GC invocations=36 (full 4):
 PSYoungGen      total 444928K, used 377303K [0x00000000e0000000, 0x00000000ffe80000, 0x0000000100000000)
  eden space 370176K, 100% used [0x00000000e0000000,0x00000000f6980000,0x00000000f6980000)
  from space 74752K, 9% used [0x00000000f6980000,0x00000000f7075d70,0x00000000fb280000)
  to   space 72704K, 0% used [0x00000000fb780000,0x00000000fb780000,0x00000000ffe80000)
 ParOldGen       total 215040K, used 188622K [0x00000000a0000000, 0x00000000ad200000, 0x00000000e0000000)
  object space 215040K, 87% used [0x00000000a0000000,0x00000000ab833b80,0x00000000ad200000)
 Metaspace       used 120483K, capacity 126022K, committed 126336K, reserved 1159168K
  class space    used 15799K, capacity 16874K, committed 17024K, reserved 1048576K
Event: 3055.838 GC heap after
Heap after GC invocations=36 (full 4):
 PSYoungGen      total 443904K, used 9305K [0x00000000e0000000, 0x00000000ff900000, 0x0000000100000000)
  eden space 376832K, 0% used [0x00000000e0000000,0x00000000e0000000,0x00000000f7000000)
  from space 67072K, 13% used [0x00000000fb780000,0x00000000fc0964d8,0x00000000ff900000)
  to   space 70144K, 0% used [0x00000000f7000000,0x00000000f7000000,0x00000000fb480000)
 ParOldGen       total 215040K, used 190931K [0x00000000a0000000, 0x00000000ad200000, 0x00000000e0000000)
  object space 215040K, 88% used [0x00000000a0000000,0x00000000aba74d58,0x00000000ad200000)
 Metaspace       used 120483K, capacity 126022K, committed 126336K, reserved 1159168K
  class space    used 15799K, capacity 16874K, committed 17024K, reserved 1048576K
}

Deoptimization events (10 events):
Event: 3047.174 Thread 0x000000001f596800 Uncommon trap: reason=unstable_if action=reinterpret pc=0x0000000005c2a23c method=com.android.tools.r8.ir.regalloc.e.b(I)Z @ 7
Event: 3047.582 Thread 0x000000001f596800 Uncommon trap: reason=null_check action=make_not_entrant pc=0x0000000006a9bda8 method=com.android.tools.r8.graph.b.definitionFor(Lcom/android/tools/r8/graph/T;)Lcom/android/tools/r8/graph/Q; @ 38
Event: 3051.985 Thread 0x000000002a8cc800 Uncommon trap: reason=class_check action=maybe_recompile pc=0x00000000030e99cc method=com.android.tools.r8.u.a.h.e.a(Ljava/util/List;Ljava/util/Map$Entry;)V @ 6
Event: 3052.177 Thread 0x000000001f599800 Uncommon trap: reason=class_check action=maybe_recompile pc=0x0000000006ab5908 method=com.android.tools.r8.B.a.a.f.a(Lcom/android/tools/r8/B/a/a/h;[Lcom/android/tools/r8/B/a/a/d;I)V @ 3241
Event: 3052.179 Thread 0x0000000021265000 Uncommon trap: reason=class_check action=maybe_recompile pc=0x0000000006ab5908 method=com.android.tools.r8.B.a.a.f.a(Lcom/android/tools/r8/B/a/a/h;[Lcom/android/tools/r8/B/a/a/d;I)V @ 3241
Event: 3052.183 Thread 0x0000000021265000 Uncommon trap: reason=class_check action=maybe_recompile pc=0x0000000006ab5908 method=com.android.tools.r8.B.a.a.f.a(Lcom/android/tools/r8/B/a/a/h;[Lcom/android/tools/r8/B/a/a/d;I)V @ 3241
Event: 3052.214 Thread 0x0000000021265000 Uncommon trap: reason=class_check action=maybe_recompile pc=0x0000000006ab5908 method=com.android.tools.r8.B.a.a.f.a(Lcom/android/tools/r8/B/a/a/h;[Lcom/android/tools/r8/B/a/a/d;I)V @ 3241
Event: 3052.402 Thread 0x000000001f599800 Uncommon trap: reason=unloaded action=reinterpret pc=0x0000000005bf3ccc method=com.android.tools.r8.ir.optimize.h.k(Lcom/android/tools/r8/u/b/T;)V @ 265
Event: 3052.574 Thread 0x000000002a8cc800 Uncommon trap: reason=class_check action=maybe_recompile pc=0x00000000030e99cc method=com.android.tools.r8.u.a.h.e.a(Ljava/util/List;Ljava/util/Map$Entry;)V @ 6
Event: 3056.355 Thread 0x000000001f596800 Uncommon trap: reason=array_check action=maybe_recompile pc=0x0000000006199494 method=java.util.TimSort.mergeHi(IIII)V @ 419

Internal exceptions (10 events):
Event: 3013.232 Thread 0x000000001f594800 Exception <a 'sun/nio/fs/WindowsException'> (0x00000000f4b7d4b0) thrown at [D:\re\puppet\workspace\8-2-build-windows-amd64-cygwin\jdk8u73\6086\hotspot\src\share\vm\prims\jni.cpp, line 709]
Event: 3014.281 Thread 0x000000001f594800 Exception <a 'sun/nio/fs/WindowsException'> (0x00000000e0016988) thrown at [D:\re\puppet\workspace\8-2-build-windows-amd64-cygwin\jdk8u73\6086\hotspot\src\share\vm\prims\jni.cpp, line 709]
Event: 3014.281 Thread 0x000000001f594800 Exception <a 'sun/nio/fs/WindowsException'> (0x00000000e00176f8) thrown at [D:\re\puppet\workspace\8-2-build-windows-amd64-cygwin\jdk8u73\6086\hotspot\src\share\vm\prims\jni.cpp, line 709]
Event: 3014.282 Thread 0x000000001f594800 Exception <a 'sun/nio/fs/WindowsException'> (0x00000000e00191f0) thrown at [D:\re\puppet\workspace\8-2-build-windows-amd64-cygwin\jdk8u73\6086\hotspot\src\share\vm\prims\jni.cpp, line 709]
Event: 3014.305 Thread 0x000000001f594800 Exception <a 'sun/nio/fs/WindowsException'> (0x00000000e14d23e0) thrown at [D:\re\puppet\workspace\8-2-build-windows-amd64-cygwin\jdk8u73\6086\hotspot\src\share\vm\prims\jni.cpp, line 709]
Event: 3014.305 Thread 0x000000001f594800 Exception <a 'sun/nio/fs/WindowsException'> (0x00000000e14d3150) thrown at [D:\re\puppet\workspace\8-2-build-windows-amd64-cygwin\jdk8u73\6086\hotspot\src\share\vm\prims\jni.cpp, line 709]
Event: 3014.305 Thread 0x000000001f594800 Exception <a 'sun/nio/fs/WindowsException'> (0x00000000e14d4c48) thrown at [D:\re\puppet\workspace\8-2-build-windows-amd64-cygwin\jdk8u73\6086\hotspot\src\share\vm\prims\jni.cpp, line 709]
Event: 3028.647 Thread 0x000000001f596800 Implicit null exception at 0x0000000004817cb0 to 0x000000000481963d
Event: 3029.928 Thread 0x000000002a8cc800 Implicit null exception at 0x0000000005d7668f to 0x0000000005d767f1
Event: 3047.582 Thread 0x000000001f596800 Implicit null exception at 0x0000000006a979cc to 0x0000000006a9bd75

Events (10 events):
Event: 3056.355 Thread 0x000000001f596800 DEOPT PACKING pc=0x0000000006199494 sp=0x00000000260edd00
Event: 3056.355 Thread 0x000000001f596800 DEOPT UNPACKING pc=0x000000000287582a sp=0x00000000260edcf0 mode 2
Event: 3056.759 Thread 0x000000001f596800 DEOPT PACKING pc=0x0000000005fdd6c4 sp=0x00000000260eda30
Event: 3056.759 Thread 0x000000001f596800 DEOPT UNPACKING pc=0x000000000287787f sp=0x00000000260ed760 mode 0
Event: 3056.760 Thread 0x000000001f596800 DEOPT PACKING pc=0x0000000005cd7081 sp=0x00000000260edb50
Event: 3056.760 Thread 0x000000001f596800 DEOPT UNPACKING pc=0x000000000287787f sp=0x00000000260ed968 mode 0
Event: 3057.679 Thread 0x000000001f596800 DEOPT PACKING pc=0x000000000620e405 sp=0x00000000260ed7a0
Event: 3057.680 Thread 0x000000001f596800 DEOPT UNPACKING pc=0x000000000287787f sp=0x00000000260edaa8 mode 0
Event: 3058.113 Thread 0x000000002a8d4800 DEOPT PACKING pc=0x0000000005c8f3cd sp=0x000000001b81d510
Event: 3058.113 Thread 0x000000002a8d4800 DEOPT UNPACKING pc=0x000000000287787f sp=0x000000001b81d390 mode 0


Dynamic libraries:
0x00007ff7c3ab0000 - 0x00007ff7c3ae7000 	C:\Program Files\Java\jdk1.8.0_73\bin\java.exe
0x00007ffce61c0000 - 0x00007ffce63b0000 	C:\WINDOWS\SYSTEM32\ntdll.dll
0x00007ffce4c30000 - 0x00007ffce4ce2000 	C:\WINDOWS\System32\KERNEL32.DLL
0x00007ffce31a0000 - 0x00007ffce3444000 	C:\WINDOWS\System32\KERNELBASE.dll
0x00007ffce56e0000 - 0x00007ffce5783000 	C:\WINDOWS\System32\ADVAPI32.dll
0x00007ffce5640000 - 0x00007ffce56de000 	C:\WINDOWS\System32\msvcrt.dll
0x00007ffce4420000 - 0x00007ffce44b7000 	C:\WINDOWS\System32\sechost.dll
0x00007ffce4f70000 - 0x00007ffce5090000 	C:\WINDOWS\System32\RPCRT4.dll
0x00007ffce59e0000 - 0x00007ffce5b74000 	C:\WINDOWS\System32\USER32.dll
0x00007ffce3450000 - 0x00007ffce3471000 	C:\WINDOWS\System32\win32u.dll
0x00007ffce4ee0000 - 0x00007ffce4f06000 	C:\WINDOWS\System32\GDI32.dll
0x00007ffce34b0000 - 0x00007ffce3646000 	C:\WINDOWS\System32\gdi32full.dll
0x00007ffce4180000 - 0x00007ffce421e000 	C:\WINDOWS\System32\msvcp_win.dll
0x00007ffce3670000 - 0x00007ffce376a000 	C:\WINDOWS\System32\ucrtbase.dll
0x00007ffcc4500000 - 0x00007ffcc4784000 	C:\WINDOWS\WinSxS\amd64_microsoft.windows.common-controls_6595b64144ccf1df_6.0.18362.959_none_e6c7bbbf130c62bb\COMCTL32.dll
0x00007ffce5bf0000 - 0x00007ffce5f25000 	C:\WINDOWS\System32\combase.dll
0x00007ffce3770000 - 0x00007ffce37f0000 	C:\WINDOWS\System32\bcryptPrimitives.dll
0x00007ffce5830000 - 0x00007ffce585e000 	C:\WINDOWS\System32\IMM32.DLL
0x00000000556c0000 - 0x0000000055792000 	C:\Program Files\Java\jdk1.8.0_73\jre\bin\msvcr100.dll
0x0000000053b10000 - 0x00000000543a0000 	C:\Program Files\Java\jdk1.8.0_73\jre\bin\server\jvm.dll
0x00007ffce5be0000 - 0x00007ffce5be8000 	C:\WINDOWS\System32\PSAPI.DLL
0x00007ffcd1ee0000 - 0x00007ffcd1eea000 	C:\WINDOWS\SYSTEM32\VERSION.dll
0x00007ffcdf700000 - 0x00007ffcdf724000 	C:\WINDOWS\SYSTEM32\WINMM.dll
0x00007ffce1b70000 - 0x00007ffce1b79000 	C:\WINDOWS\SYSTEM32\WSOCK32.dll
0x0000000002580000 - 0x00000000025ef000 	C:\WINDOWS\System32\ws2_32.DLL
0x00007ffcdf6a0000 - 0x00007ffcdf6cd000 	C:\WINDOWS\SYSTEM32\WINMMBASE.dll
0x00007ffce4220000 - 0x00007ffce426a000 	C:\WINDOWS\System32\cfgmgr32.dll
0x0000000053b00000 - 0x0000000053b0f000 	C:\Program Files\Java\jdk1.8.0_73\jre\bin\verify.dll
0x0000000053ad0000 - 0x0000000053af9000 	C:\Program Files\Java\jdk1.8.0_73\jre\bin\java.dll
0x0000000053ab0000 - 0x0000000053ac6000 	C:\Program Files\Java\jdk1.8.0_73\jre\bin\zip.dll
0x00007ffce44c0000 - 0x00007ffce4ba6000 	C:\WINDOWS\System32\SHELL32.dll
0x00007ffce4e30000 - 0x00007ffce4ed9000 	C:\WINDOWS\System32\shcore.dll
0x00007ffce3940000 - 0x00007ffce40c2000 	C:\WINDOWS\System32\windows.storage.dll
0x00007ffce3110000 - 0x00007ffce3133000 	C:\WINDOWS\System32\profapi.dll
0x00007ffce30a0000 - 0x00007ffce30ea000 	C:\WINDOWS\System32\powrprof.dll
0x00007ffce3070000 - 0x00007ffce3080000 	C:\WINDOWS\System32\UMPDC.dll
0x00007ffce5f50000 - 0x00007ffce5fa2000 	C:\WINDOWS\System32\shlwapi.dll
0x00007ffce3080000 - 0x00007ffce3091000 	C:\WINDOWS\System32\kernel.appcore.dll
0x00007ffce3650000 - 0x00007ffce3667000 	C:\WINDOWS\System32\cryptsp.dll
0x0000000053a90000 - 0x0000000053aaa000 	C:\Program Files\Java\jdk1.8.0_73\jre\bin\net.dll
0x00007ffce2880000 - 0x00007ffce28e7000 	C:\WINDOWS\system32\mswsock.dll
0x0000000053a70000 - 0x0000000053a81000 	C:\Program Files\Java\jdk1.8.0_73\jre\bin\nio.dll
0x00007ffcb8850000 - 0x00007ffcb8876000 	C:\Users\Numan\.gradle\native\30\windows-amd64\native-platform.dll
0x0000000053a60000 - 0x0000000053a6d000 	C:\Program Files\Java\jdk1.8.0_73\jre\bin\management.dll
0x00007ffce23f0000 - 0x00007ffce2423000 	C:\WINDOWS\system32\rsaenh.dll
0x00007ffce3480000 - 0x00007ffce34a6000 	C:\WINDOWS\System32\bcrypt.dll
0x00007ffce2f60000 - 0x00007ffce2f85000 	C:\WINDOWS\SYSTEM32\USERENV.dll
0x00007ffce2a50000 - 0x00007ffce2a5c000 	C:\WINDOWS\SYSTEM32\CRYPTBASE.dll
0x00007ffce2590000 - 0x00007ffce25ca000 	C:\WINDOWS\SYSTEM32\IPHLPAPI.DLL
0x00007ffce5820000 - 0x00007ffce5828000 	C:\WINDOWS\System32\NSI.dll
0x00007ffcda2a0000 - 0x00007ffcda2b6000 	C:\WINDOWS\SYSTEM32\dhcpcsvc6.DLL
0x00007ffcda0d0000 - 0x00007ffcda0ec000 	C:\WINDOWS\SYSTEM32\dhcpcsvc.DLL
0x00007ffce25d0000 - 0x00007ffce269b000 	C:\WINDOWS\SYSTEM32\DNSAPI.dll
0x00007ffce20d0000 - 0x00007ffce2101000 	C:\WINDOWS\SYSTEM32\ntmarta.dll
0x00007ffcb9040000 - 0x00007ffcb905e000 	C:\Users\Numan\AppData\Local\Temp\native-platform2870323695665047088dir\native-platform.dll
0x0000000066e00000 - 0x0000000066f03000 	C:\Users\Numan\AppData\Local\Temp\sqlite-3.25.2-f707d859-ef71-44ad-8c97-524dea4e2e9c-sqlitejdbc.dll

VM Arguments:
jvm_args: -Xmx1536m -Dfile.encoding=windows-1252 -Duser.country=US -Duser.language=en -Duser.variant 
java_command: org.gradle.launcher.daemon.bootstrap.GradleDaemon 5.6.4
java_class_path (initial): C:\Users\Numan\.gradle\wrapper\dists\gradle-5.6.4-all\ankdp27end7byghfw1q2sw75f\gradle-5.6.4\lib\gradle-launcher-5.6.4.jar
Launcher Type: SUN_STANDARD

Environment Variables:
JAVA_HOME=C:\Program Files\Java\jdk1.8.0_73
PATH=C:\Python38\Scripts\;C:\Python38\;C:\Program Files (x86)\Common Files\Oracle\Java\javapath;C:\ProgramData\Oracle\Java\javapath;C:\WINDOWS\system32;C:\WINDOWS;C:\WINDOWS\System32\Wbem;C:\WINDOWS\System32\WindowsPowerShell\v1.0\;C:\Program Files (x86)\OpenVPN\bin;C:\Program Files\Microsoft SQL Server\110\Tools\Binn\;C:\Program Files\Microsoft SQL Server\120\Tools\Binn\;C:\Program Files (x86)\Microsoft SQL Server\110\Tools\Binn\;C:\Program Files\Microsoft SQL Server\110\DTS\Binn\;C:\Program Files (x86)\Microsoft SQL Server\110\Tools\Binn\ManagementStudio\;C:\Program Files (x86)\Microsoft SQL Server\110\DTS\Binn\;C:\WINDOWS\System32\OpenSSH\;C:\Program Files\Git\cmd;C:\Program Files\Java\jdk1.8.0_73\bin;C:\Program Files\nodejs\;C:\ProgramData\chocolatey\bin;C:\Users\Numan\AppData\Local\Programs\Python\Python37-32\Scripts\;C:\Users\Numan\AppData\Local\Programs\Python\Python37-32\;C:\Users\Numan\Anaconda3;C:\Users\Numan\Anaconda3\Library\mingw-w64\bin;C:\Users\Numan\Anaconda3\Library\usr\bin;C:\Users\Numan\Anaconda3\Library\bin;C:\Users\Numan\Anaconda3\Scripts;C:\Users\Numan\AppData\Local\Microsoft\WindowsApps;C:\Users\Numan\AppData\Local\Programs\Python\Python36;C:\Users\Numan\AppData\Local\Programs\Python\Python36\Scripts;C:\Users\Numan\AppData\Local\Microsoft\WindowsApps;D:\AndroidStudio+SDK\AndroidSDK\Sdk\platform-tools;%PyCharm%;C:\Program Files\Java\jdk1.8.0_73\bin;C:\Program Files\JetBrains\PyCharm Community Edition with Anaconda plugin 2019.2.3\bin;C:\Users\Numan\AppData\Roaming\npm
USERNAME=Numan
OS=Windows_NT
PROCESSOR_IDENTIFIER=Intel64 Family 6 Model 78 Stepping 3, GenuineIntel



---------------  S Y S T E M  ---------------

OS: Windows 10.0 , 64 bit Build 18362 (10.0.18362.959)

CPU:total 4 (2 cores per cpu, 2 threads per core) family 6 model 78 stepping 3, cmov, cx8, fxsr, mmx, sse, sse2, sse3, ssse3, sse4.1, sse4.2, popcnt, avx, avx2, aes, clmul, erms, 3dnowpref, lzcnt, ht, tsc, tscinvbit, bmi1, bmi2, adx

Memory: 4k page, physical 8242448k(459768k free), swap 11738540k(5760k free)

vm_info: Java HotSpot(TM) 64-Bit Server VM (25.73-b02) for windows-amd64 JRE (1.8.0_73-b02), built on Jan 29 2016 17:38:49 by "java_re" with MS VC++ 10.0 (VS2010)

time: Mon Jul 27 14:09:17 2020
elapsed time: 3058 seconds (0d 0h 50m 58s)

